<?xml version="1.0" encoding="UTF-8"?>
<testsuite xmlns:xsi="http://www.w3.org/2001/XMLSchema-instance" xsi:noNamespaceSchemaLocation="https://maven.apache.org/surefire/maven-surefire-plugin/xsd/surefire-test-report.xsd" name="com.chase.app.AppTest" time="0.05" tests="1" errors="0" skipped="0" failures="0">
  <properties>
    <property name="sun.desktop" value="windows"/>
    <property name="awt.toolkit" value="sun.awt.windows.WToolkit"/>
    <property name="file.encoding.pkg" value="sun.io"/>
    <property name="java.specification.version" value="1.8"/>
    <property name="sun.cpu.isalist" value="amd64"/>
    <property name="sun.jnu.encoding" value="Cp1252"/>
    <property name="java.class.path" value="C:\eclipse-workspace\batchautomation\target\test-classes;C:\eclipse-workspace\batchautomation\target\classes;C:\Users\chagamreddy\.m2\repository\junit\junit\4.11\junit-4.11.jar;C:\Users\chagamreddy\.m2\repository\org\hamcrest\hamcrest-core\1.3\hamcrest-core-1.3.jar;"/>
    <property name="java.vm.vendor" value="Oracle Corporation"/>
    <property name="sun.arch.data.model" value="64"/>
    <property name="user.variant" value=""/>
    <property name="java.vendor.url" value="http://java.oracle.com/"/>
    <property name="user.timezone" value="America/New_York"/>
    <property name="java.vm.specification.version" value="1.8"/>
    <property name="os.name" value="Windows 7"/>
    <property name="user.country" value="US"/>
    <property name="sun.java.launcher" value="SUN_STANDARD"/>
    <property name="sun.boot.library.path" value="C:\SoftwareInstall\Java\jdk1.8.0_281\jre\bin"/>
    <property name="sun.java.command" value="C:\Users\CHAGAM~1\AppData\Local\Temp\surefire5321449257023657045\surefirebooter5422722482456641106.jar C:\Users\chagamreddy\AppData\Local\Temp\surefire5321449257023657045 2022-05-29T18-04-26_958-jvmRun1 surefire256070645551398066tmp surefire_02010268302945984941tmp"/>
    <property name="surefire.test.class.path" value="C:\eclipse-workspace\batchautomation\target\test-classes;C:\eclipse-workspace\batchautomation\target\classes;C:\Users\chagamreddy\.m2\repository\junit\junit\4.11\junit-4.11.jar;C:\Users\chagamreddy\.m2\repository\org\hamcrest\hamcrest-core\1.3\hamcrest-core-1.3.jar;"/>
    <property name="sun.cpu.endian" value="little"/>
    <property name="user.home" value="C:\Users\chagamreddy"/>
    <property name="user.language" value="en"/>
    <property name="java.specification.vendor" value="Oracle Corporation"/>
    <property name="java.home" value="C:\SoftwareInstall\Java\jdk1.8.0_281\jre"/>
    <property name="basedir" value="C:\eclipse-workspace\batchautomation"/>
    <property name="file.separator" value="\"/>
    <property name="line.separator" value="&#10;"/>
    <property name="java.vm.specification.vendor" value="Oracle Corporation"/>
    <property name="java.specification.name" value="Java Platform API Specification"/>
    <property name="java.awt.graphicsenv" value="sun.awt.Win32GraphicsEnvironment"/>
    <property name="surefire.real.class.path" value="C:\Users\CHAGAM~1\AppData\Local\Temp\surefire5321449257023657045\surefirebooter5422722482456641106.jar"/>
    <property name="sun.boot.class.path" value="C:\SoftwareInstall\Java\jdk1.8.0_281\jre\lib\resources.jar;C:\SoftwareInstall\Java\jdk1.8.0_281\jre\lib\rt.jar;C:\SoftwareInstall\Java\jdk1.8.0_281\jre\lib\sunrsasign.jar;C:\SoftwareInstall\Java\jdk1.8.0_281\jre\lib\jsse.jar;C:\SoftwareInstall\Java\jdk1.8.0_281\jre\lib\jce.jar;C:\SoftwareInstall\Java\jdk1.8.0_281\jre\lib\charsets.jar;C:\SoftwareInstall\Java\jdk1.8.0_281\jre\lib\jfr.jar;C:\SoftwareInstall\Java\jdk1.8.0_281\jre\classes"/>
    <property name="user.script" value=""/>
    <property name="sun.management.compiler" value="HotSpot 64-Bit Tiered Compilers"/>
    <property name="java.runtime.version" value="1.8.0_281-b09"/>
    <property name="user.name" value="chagamreddy"/>
    <property name="path.separator" value=";"/>
    <property name="os.version" value="6.1"/>
    <property name="java.endorsed.dirs" value="C:\SoftwareInstall\Java\jdk1.8.0_281\jre\lib\endorsed"/>
    <property name="java.runtime.name" value="Java(TM) SE Runtime Environment"/>
    <property name="file.encoding" value="Cp1252"/>
    <property name="java.vm.name" value="Java HotSpot(TM) 64-Bit Server VM"/>
    <property name="localRepository" value="C:\Users\chagamreddy\.m2\repository"/>
    <property name="java.vendor.url.bug" value="http://bugreport.sun.com/bugreport/"/>
    <property name="java.io.tmpdir" value="C:\Users\CHAGAM~1\AppData\Local\Temp\"/>
    <property name="java.version" value="1.8.0_281"/>
    <property name="user.dir" value="C:\eclipse-workspace\batchautomation"/>
    <property name="os.arch" value="amd64"/>
    <property name="java.vm.specification.name" value="Java Virtual Machine Specification"/>
    <property name="java.awt.printerjob" value="sun.awt.windows.WPrinterJob"/>
    <property name="sun.os.patch.level" value="Service Pack 1"/>
    <property name="java.library.path" value="C:\SoftwareInstall\Java\jdk1.8.0_281\jre\bin;C:\Windows\Sun\Java\bin;C:\Windows\system32;C:\Windows;C:\oraclexe\app\oracle\product\11.2.0\server\bin;C:\Windows\system32;C:\Windows;C:\Windows\System32\Wbem;C:\Windows\System32\WindowsPowerShell\v1.0\;C:\softwareinstall\Git\cmd;C:\Maven\apache-maven-3.8.5\bin;C:\SoftwareInstall\Java\jdk1.8.0_281\bin;;C:\SoftwareInstall\Microsoft VS Code\bin;C:\Users\chagamreddy\AppData\Local\Programs\EmEditor;."/>
    <property name="java.vm.info" value="mixed mode"/>
    <property name="java.vendor" value="Oracle Corporation"/>
    <property name="java.vm.version" value="25.281-b09"/>
    <property name="java.ext.dirs" value="C:\SoftwareInstall\Java\jdk1.8.0_281\jre\lib\ext;C:\Windows\Sun\Java\lib\ext"/>
    <property name="sun.io.unicode.encoding" value="UnicodeLittle"/>
    <property name="java.class.version" value="52.0"/>
  </properties>
  <testcase name="shouldAnswerWithTrue" classname="com.chase.app.AppTest" time="0.002"/>
</testsuite>